<?xml version="1.0" encoding="UTF-8"?>
<testsuite name="com.example.demo.DbTest" tests="1" skipped="0" failures="0" errors="0" timestamp="2023-07-05T00:07:12" hostname="iseunghuiui-MacBookPro.local" time="0.167">
  <properties/>
  <testcase name="testConnection()" classname="com.example.demo.DbTest" time="0.167"/>
  <system-out><![CDATA[]]></system-out>
  <system-err><![CDATA[]]></system-err>
</testsuite>
